生成启动时间为 2018/4/24 10:30:57。
     1>项目“E:\Study_code\Interviews\Coding offer\剑指offer源码\Utilities\Utilities.vcxproj”在节点 2 上(Build 个目标)。
     1>ClCompile:
         D:\Program Files (x86)\Microsoft Visual Studio 12.0\VC\bin\CL.exe /c /ZI /nologo /W3 /WX- /Od /Oy- /D WIN32 /D _DEBUG /D _WINDOWS /D _USRDLL /D UTILITIES_EXPORTS /D _WINDLL /D _UNICODE /D UNICODE /Gm /EHsc /RTC1 /MDd /GS /fp:precise /Zc:wchar_t /Zc:forScope /Yc"stdafx.h" /Fp"Debug\Utilities.pch" /Fo"Debug\\" /Fd"Debug\vc120.pdb" /Gd /TP /analyze- /errorReport:prompt stdafx.cpp
         stdafx.cpp
         D:\Program Files (x86)\Microsoft Visual Studio 12.0\VC\bin\CL.exe /c /ZI /nologo /W3 /WX- /Od /Oy- /D WIN32 /D _DEBUG /D _WINDOWS /D _USRDLL /D UTILITIES_EXPORTS /D _WINDLL /D _UNICODE /D UNICODE /Gm /EHsc /RTC1 /MDd /GS /fp:precise /Zc:wchar_t /Zc:forScope /Yu"stdafx.h" /Fp"Debug\Utilities.pch" /Fo"Debug\\" /Fd"Debug\vc120.pdb" /Gd /TP /analyze- /errorReport:prompt Array.cpp BinaryTree.cpp List.cpp StringUtil.cpp Tree.cpp
         Tree.cpp
         StringUtil.cpp
         List.cpp
         BinaryTree.cpp
         Array.cpp
         正在生成代码...
         D:\Program Files (x86)\Microsoft Visual Studio 12.0\VC\bin\CL.exe /c /ZI /nologo /W3 /WX- /Od /Oy- /D WIN32 /D _DEBUG /D _WINDOWS /D _USRDLL /D UTILITIES_EXPORTS /D _WINDLL /D _UNICODE /D UNICODE /Gm /EHsc /RTC1 /MDd /GS /fp:precise /Zc:wchar_t /Zc:forScope /Fo"Debug\\" /Fd"Debug\vc120.pdb" /Gd /TP /analyze- /errorReport:prompt dllmain.cpp
         dllmain.cpp
       Link:
         D:\Program Files (x86)\Microsoft Visual Studio 12.0\VC\bin\link.exe /ERRORREPORT:PROMPT /OUT:"E:\Study_code\Interviews\Coding offer\剑指offer源码\Debug\Utilities.dll" /INCREMENTAL /NOLOGO kernel32.lib user32.lib gdi32.lib winspool.lib comdlg32.lib advapi32.lib shell32.lib ole32.lib oleaut32.lib uuid.lib odbc32.lib odbccp32.lib /MANIFEST /MANIFESTUAC:"level='asInvoker' uiAccess='false'" /manifest:embed /DEBUG /PDB:"E:\Study_code\Interviews\Coding offer\剑指offer源码\Debug\Utilities.pdb" /SUBSYSTEM:WINDOWS /TLBID:1 /DYNAMICBASE /NXCOMPAT /IMPLIB:"E:\Study_code\Interviews\Coding offer\剑指offer源码\Debug\Utilities.lib" /MACHINE:X86 /SAFESEH /DLL Debug\Array.obj
         Debug\BinaryTree.obj
         Debug\dllmain.obj
         Debug\List.obj
         Debug\stdafx.obj
         Debug\StringUtil.obj
         Debug\Tree.obj
     1>Array.obj : warning LNK4075: 忽略“/EDITANDCONTINUE”(由于“/SAFESEH”规范)
            正在创建库 E:\Study_code\Interviews\Coding offer\剑指offer源码\Debug\Utilities.lib 和对象 E:\Study_code\Interviews\Coding offer\剑指offer源码\Debug\Utilities.exp
         Utilities.vcxproj -> E:\Study_code\Interviews\Coding offer\剑指offer源码\Debug\Utilities.dll
     1>已完成生成项目“E:\Study_code\Interviews\Coding offer\剑指offer源码\Utilities\Utilities.vcxproj”(Build 个目标)的操作。

生成成功。

已用时间 00:00:04.25
