生成启动时间为 2018/4/24 10:31:14。
     1>项目“E:\Study_code\Interviews\Coding offer\剑指offer源码\SortArrayForMinNumber\SortArrayForMinNumber.vcxproj”在节点 4 上(Build 个目标)。
     1>ClCompile:
         D:\Program Files (x86)\Microsoft Visual Studio 12.0\VC\bin\CL.exe /c /ZI /nologo /W3 /WX- /Od /Oy- /D WIN32 /D _DEBUG /D _CONSOLE /D _UNICODE /D UNICODE /Gm /EHsc /RTC1 /MDd /GS /fp:precise /Zc:wchar_t /Zc:forScope /Yc"stdafx.h" /Fp"Debug\33_SortArrayForMinNumber.pch" /Fo"Debug\\" /Fd"Debug\vc120.pdb" /Gd /TP /analyze- /errorReport:prompt stdafx.cpp
         stdafx.cpp
         D:\Program Files (x86)\Microsoft Visual Studio 12.0\VC\bin\CL.exe /c /ZI /nologo /W3 /WX- /Od /Oy- /D WIN32 /D _DEBUG /D _CONSOLE /D _UNICODE /D UNICODE /Gm /EHsc /RTC1 /MDd /GS /fp:precise /Zc:wchar_t /Zc:forScope /Yu"stdafx.h" /Fp"Debug\33_SortArrayForMinNumber.pch" /Fo"Debug\\" /Fd"Debug\vc120.pdb" /Gd /TP /analyze- /errorReport:prompt SortArrayForMinNumber.cpp
         SortArrayForMinNumber.cpp
     1>e:\study_code\interviews\coding offer\剑指offer源码\sortarrayforminnumber\sortarrayforminnumber.cpp(28): warning C4996: 'sprintf': This function or variable may be unsafe. Consider using sprintf_s instead. To disable deprecation, use _CRT_SECURE_NO_WARNINGS. See online help for details.
                 d:\program files (x86)\microsoft visual studio 12.0\vc\include\stdio.h(356) : 参见“sprintf”的声明
     1>e:\study_code\interviews\coding offer\剑指offer源码\sortarrayforminnumber\sortarrayforminnumber.cpp(48): warning C4996: 'strcpy': This function or variable may be unsafe. Consider using strcpy_s instead. To disable deprecation, use _CRT_SECURE_NO_WARNINGS. See online help for details.
                 d:\program files (x86)\microsoft visual studio 12.0\vc\include\string.h(112) : 参见“strcpy”的声明
     1>e:\study_code\interviews\coding offer\剑指offer源码\sortarrayforminnumber\sortarrayforminnumber.cpp(49): warning C4996: 'strcat': This function or variable may be unsafe. Consider using strcat_s instead. To disable deprecation, use _CRT_SECURE_NO_WARNINGS. See online help for details.
                 d:\program files (x86)\microsoft visual studio 12.0\vc\include\string.h(118) : 参见“strcat”的声明
     1>e:\study_code\interviews\coding offer\剑指offer源码\sortarrayforminnumber\sortarrayforminnumber.cpp(52): warning C4996: 'strcpy': This function or variable may be unsafe. Consider using strcpy_s instead. To disable deprecation, use _CRT_SECURE_NO_WARNINGS. See online help for details.
                 d:\program files (x86)\microsoft visual studio 12.0\vc\include\string.h(112) : 参见“strcpy”的声明
     1>e:\study_code\interviews\coding offer\剑指offer源码\sortarrayforminnumber\sortarrayforminnumber.cpp(53): warning C4996: 'strcat': This function or variable may be unsafe. Consider using strcat_s instead. To disable deprecation, use _CRT_SECURE_NO_WARNINGS. See online help for details.
                 d:\program files (x86)\microsoft visual studio 12.0\vc\include\string.h(118) : 参见“strcat”的声明
       Link:
         D:\Program Files (x86)\Microsoft Visual Studio 12.0\VC\bin\link.exe /ERRORREPORT:PROMPT /OUT:"E:\Study_code\Interviews\Coding offer\剑指offer源码\Debug\33_SortArrayForMinNumber.exe" /INCREMENTAL /NOLOGO kernel32.lib user32.lib gdi32.lib winspool.lib comdlg32.lib advapi32.lib shell32.lib ole32.lib oleaut32.lib uuid.lib odbc32.lib odbccp32.lib /MANIFEST /MANIFESTUAC:"level='asInvoker' uiAccess='false'" /manifest:embed /DEBUG /PDB:"E:\Study_code\Interviews\Coding offer\剑指offer源码\Debug\33_SortArrayForMinNumber.pdb" /SUBSYSTEM:CONSOLE /TLBID:1 /DYNAMICBASE /NXCOMPAT /IMPLIB:"E:\Study_code\Interviews\Coding offer\剑指offer源码\Debug\33_SortArrayForMinNumber.lib" /MACHINE:X86 /SAFESEH Debug\SortArrayForMinNumber.obj
         Debug\stdafx.obj
     1>SortArrayForMinNumber.obj : warning LNK4075: 忽略“/EDITANDCONTINUE”(由于“/SAFESEH”规范)
         SortArrayForMinNumber.vcxproj -> E:\Study_code\Interviews\Coding offer\剑指offer源码\Debug\33_SortArrayForMinNumber.exe
     1>已完成生成项目“E:\Study_code\Interviews\Coding offer\剑指offer源码\SortArrayForMinNumber\SortArrayForMinNumber.vcxproj”(Build 个目标)的操作。

生成成功。

已用时间 00:00:03.72
