生成启动时间为 2018/4/24 10:31:07。
     1>项目“E:\Study_code\Interviews\Coding offer\剑指offer源码\DeleteNodeInList\DeleteNodeInList.vcxproj”在节点 2 上(Build 个目标)。
     1>ClCompile:
         D:\Program Files (x86)\Microsoft Visual Studio 12.0\VC\bin\CL.exe /c /ZI /nologo /W3 /WX- /Od /Oy- /D WIN32 /D _DEBUG /D _CONSOLE /D _UNICODE /D UNICODE /Gm /EHsc /RTC1 /MDd /GS /fp:precise /Zc:wchar_t /Zc:forScope /Yc"stdafx.h" /Fp"Debug\13_DeleteNodeInList.pch" /Fo"Debug\\" /Fd"Debug\vc120.pdb" /Gd /TP /analyze- /errorReport:prompt stdafx.cpp
         stdafx.cpp
         D:\Program Files (x86)\Microsoft Visual Studio 12.0\VC\bin\CL.exe /c /ZI /nologo /W3 /WX- /Od /Oy- /D WIN32 /D _DEBUG /D _CONSOLE /D _UNICODE /D UNICODE /Gm /EHsc /RTC1 /MDd /GS /fp:precise /Zc:wchar_t /Zc:forScope /Yu"stdafx.h" /Fp"Debug\13_DeleteNodeInList.pch" /Fo"Debug\\" /Fd"Debug\vc120.pdb" /Gd /TP /analyze- /errorReport:prompt DeleteNodeInList.cpp
         DeleteNodeInList.cpp
       Link:
         D:\Program Files (x86)\Microsoft Visual Studio 12.0\VC\bin\link.exe /ERRORREPORT:PROMPT /OUT:"E:\Study_code\Interviews\Coding offer\剑指offer源码\Debug\13_DeleteNodeInList.exe" /INCREMENTAL /NOLOGO kernel32.lib user32.lib gdi32.lib winspool.lib comdlg32.lib advapi32.lib shell32.lib ole32.lib oleaut32.lib uuid.lib odbc32.lib odbccp32.lib /MANIFEST /MANIFESTUAC:"level='asInvoker' uiAccess='false'" /manifest:embed /DEBUG /PDB:"E:\Study_code\Interviews\Coding offer\剑指offer源码\Debug\13_DeleteNodeInList.pdb" /SUBSYSTEM:CONSOLE /TLBID:1 /DYNAMICBASE /NXCOMPAT /IMPLIB:"E:\Study_code\Interviews\Coding offer\剑指offer源码\Debug\13_DeleteNodeInList.lib" /MACHINE:X86 /SAFESEH Debug\DeleteNodeInList.obj
         Debug\stdafx.obj
     1>DeleteNodeInList.obj : warning LNK4075: 忽略“/EDITANDCONTINUE”(由于“/SAFESEH”规范)
     1>DeleteNodeInList.obj : error LNK2019: 无法解析的外部符号 "struct ListNode * __cdecl CreateListNode(int)" (?CreateListNode@@YAPAUListNode@@H@Z)，该符号在函数 "void __cdecl Test1(void)" (?Test1@@YAXXZ) 中被引用
     1>DeleteNodeInList.obj : error LNK2019: 无法解析的外部符号 "void __cdecl ConnectListNodes(struct ListNode *,struct ListNode *)" (?ConnectListNodes@@YAXPAUListNode@@0@Z)，该符号在函数 "void __cdecl Test1(void)" (?Test1@@YAXXZ) 中被引用
     1>DeleteNodeInList.obj : error LNK2019: 无法解析的外部符号 "void __cdecl PrintListNode(struct ListNode *)" (?PrintListNode@@YAXPAUListNode@@@Z)，该符号在函数 "void __cdecl Test(struct ListNode *,struct ListNode *)" (?Test@@YAXPAUListNode@@0@Z) 中被引用
     1>DeleteNodeInList.obj : error LNK2019: 无法解析的外部符号 "void __cdecl PrintList(struct ListNode *)" (?PrintList@@YAXPAUListNode@@@Z)，该符号在函数 "void __cdecl Test(struct ListNode *,struct ListNode *)" (?Test@@YAXPAUListNode@@0@Z) 中被引用
     1>DeleteNodeInList.obj : error LNK2019: 无法解析的外部符号 "void __cdecl DestroyList(struct ListNode *)" (?DestroyList@@YAXPAUListNode@@@Z)，该符号在函数 "void __cdecl Test1(void)" (?Test1@@YAXXZ) 中被引用
     1>E:\Study_code\Interviews\Coding offer\剑指offer源码\Debug\13_DeleteNodeInList.exe : fatal error LNK1120: 5 个无法解析的外部命令
     1>已完成生成项目“E:\Study_code\Interviews\Coding offer\剑指offer源码\DeleteNodeInList\DeleteNodeInList.vcxproj”(Build 个目标)的操作 - 失败。

生成失败。

已用时间 00:00:01.34
