生成启动时间为 2018/4/24 10:31:28。
     1>项目“E:\Study_code\Interviews\Coding offer\剑指offer源码\AssignmentOperator\AssignmentOperator.vcxproj”在节点 2 上(Build 个目标)。
     1>ClCompile:
         D:\Program Files (x86)\Microsoft Visual Studio 12.0\VC\bin\CL.exe /c /ZI /nologo /W3 /WX- /Od /Oy- /D WIN32 /D _DEBUG /D _CONSOLE /D _UNICODE /D UNICODE /Gm /EHsc /RTC1 /MDd /GS /fp:precise /Zc:wchar_t /Zc:forScope /Yc"stdafx.h" /Fp"Debug\01_AssignmentOperator.pch" /Fo"Debug\\" /Fd"Debug\vc120.pdb" /Gd /TP /analyze- /errorReport:prompt stdafx.cpp
         stdafx.cpp
         D:\Program Files (x86)\Microsoft Visual Studio 12.0\VC\bin\CL.exe /c /ZI /nologo /W3 /WX- /Od /Oy- /D WIN32 /D _DEBUG /D _CONSOLE /D _UNICODE /D UNICODE /Gm /EHsc /RTC1 /MDd /GS /fp:precise /Zc:wchar_t /Zc:forScope /Yu"stdafx.h" /Fp"Debug\01_AssignmentOperator.pch" /Fo"Debug\\" /Fd"Debug\vc120.pdb" /Gd /TP /analyze- /errorReport:prompt AssignmentOperator.cpp
         AssignmentOperator.cpp
     1>e:\study_code\interviews\coding offer\剑指offer源码\assignmentoperator\assignmentoperator.cpp(36): warning C4996: 'strcpy': This function or variable may be unsafe. Consider using strcpy_s instead. To disable deprecation, use _CRT_SECURE_NO_WARNINGS. See online help for details.
                 d:\program files (x86)\microsoft visual studio 12.0\vc\include\string.h(112) : 参见“strcpy”的声明
     1>e:\study_code\interviews\coding offer\剑指offer源码\assignmentoperator\assignmentoperator.cpp(44): warning C4996: 'strcpy': This function or variable may be unsafe. Consider using strcpy_s instead. To disable deprecation, use _CRT_SECURE_NO_WARNINGS. See online help for details.
                 d:\program files (x86)\microsoft visual studio 12.0\vc\include\string.h(112) : 参见“strcpy”的声明
     1>e:\study_code\interviews\coding offer\剑指offer源码\assignmentoperator\assignmentoperator.cpp(61): warning C4996: 'strcpy': This function or variable may be unsafe. Consider using strcpy_s instead. To disable deprecation, use _CRT_SECURE_NO_WARNINGS. See online help for details.
                 d:\program files (x86)\microsoft visual studio 12.0\vc\include\string.h(112) : 参见“strcpy”的声明
       Link:
         D:\Program Files (x86)\Microsoft Visual Studio 12.0\VC\bin\link.exe /ERRORREPORT:PROMPT /OUT:"E:\Study_code\Interviews\Coding offer\剑指offer源码\Debug\01_AssignmentOperator.exe" /INCREMENTAL /NOLOGO kernel32.lib user32.lib gdi32.lib winspool.lib comdlg32.lib advapi32.lib shell32.lib ole32.lib oleaut32.lib uuid.lib odbc32.lib odbccp32.lib /MANIFEST /MANIFESTUAC:"level='asInvoker' uiAccess='false'" /manifest:embed /DEBUG /PDB:"E:\Study_code\Interviews\Coding offer\剑指offer源码\Debug\01_AssignmentOperator.pdb" /SUBSYSTEM:CONSOLE /TLBID:1 /DYNAMICBASE /NXCOMPAT /IMPLIB:"E:\Study_code\Interviews\Coding offer\剑指offer源码\Debug\01_AssignmentOperator.lib" /MACHINE:X86 /SAFESEH Debug\AssignmentOperator.obj
         Debug\stdafx.obj
     1>AssignmentOperator.obj : warning LNK4075: 忽略“/EDITANDCONTINUE”(由于“/SAFESEH”规范)
         AssignmentOperator.vcxproj -> E:\Study_code\Interviews\Coding offer\剑指offer源码\Debug\01_AssignmentOperator.exe
     1>已完成生成项目“E:\Study_code\Interviews\Coding offer\剑指offer源码\AssignmentOperator\AssignmentOperator.vcxproj”(Build 个目标)的操作。

生成成功。

已用时间 00:00:02.31
